<?xml version="1.0" encoding="UTF-8"?>
<!-- Generated by org.testng.reporters.JUnitReportReporter -->
<testsuite skipped="0" hostname="B2QVYY2" name="com.cagen.qatest.sample.test.demotest" tests="1" failures="0" timestamp="19 Apr 2020 22:44:37 GMT" time="0.005" errors="0">
  <testcase name="HelloTest" time="0.005" classname="com.cagen.qatest.sample.test.demotest"/>
</testsuite> <!-- com.cagen.qatest.sample.test.demotest -->
