<?xml version="1.0" encoding="UTF-8"?>
<!-- Generated by org.testng.reporters.JUnitReportReporter -->
<testsuite skipped="0" hostname="B2QVYY2" name="com.cagen.qa.sample.winasp.tests.HomePageTest" tests="2" failures="0" timestamp="22 Apr 2020 17:11:24 GMT" time="6.359" errors="0">
  <testcase name="homePageTitleTest" time="0.012" classname="com.cagen.qa.sample.winasp.tests.HomePageTest"/>
  <testcase name="addDivison" time="6.347" classname="com.cagen.qa.sample.winasp.tests.HomePageTest"/>
</testsuite> <!-- com.cagen.qa.sample.winasp.tests.HomePageTest -->
